app/build/outputs/logs/manifest-merger-debug-report.txt
-- Merging decision tree log ---
manifest
ADDED from src/main/AndroidManifest.xml:2:1-258:12
	package
		ADDED from src/main/AndroidManifest.xml:4:5-27
		INJECTED from src/main/AndroidManifest.xml
		INJECTED from src/main/AndroidManifest.xml
	android:versionName
		ADDED from src/main/AndroidManifest.xml:6:5-32
		INJECTED from src/main/AndroidManifest.xml
		INJECTED from src/main/AndroidManifest.xml
	xmlns:tools
		ADDED from src/main/AndroidManifest.xml:3:5-51
	android:versionCode
		ADDED from src/main/AndroidManifest.xml:5:5-28
		INJECTED from src/main/AndroidManifest.xml
		INJECTED from src/main/AndroidManifest.xml
	xmlns:android
		ADDED from src/main/AndroidManifest.xml:2:11-69
uses-sdk
ADDED from src/main/AndroidManifest.xml:8:5-12:11
MERGED from [mtjo.net:ComponetLibrary:unspecified] AndroidManifest.xml:7:5-9:41
MERGED from [mtjo.net:ComponetLibrary:unspecified] AndroidManifest.xml:22:5-43
MERGED from [mtjo.net:Library:unspecified] AndroidManifest.xml:7:5-9:41
MERGED from [com.android.support:support-v4:22.2.0] AndroidManifest.xml:20:5-43
MERGED from [com.android.support:support-v4:22.2.0] AndroidManifest.xml:20:5-43
MERGED from [com.android.support:appcompat-v7:22.2.0] AndroidManifest.xml:20:5-43
MERGED from [com.android.support:support-v4:22.2.0] AndroidManifest.xml:20:5-43
	tools:overrideLibrary
		ADDED from src/main/AndroidManifest.xml:11:9-57
	android:targetSdkVersion
		ADDED from src/main/AndroidManifest.xml:10:9-38
		INJECTED from src/main/AndroidManifest.xml
		INJECTED from src/main/AndroidManifest.xml
	android:minSdkVersion
		ADDED from src/main/AndroidManifest.xml:9:9-35
		INJECTED from src/main/AndroidManifest.xml
		INJECTED from src/main/AndroidManifest.xml
application
ADDED from src/main/AndroidManifest.xml:14:5-222:19
MERGED from [mtjo.net:ComponetLibrary:unspecified] AndroidManifest.xml:29:5-93:19
MERGED from [com.android.support:support-v4:22.2.0] AndroidManifest.xml:22:5-20
MERGED from [com.android.support:support-v4:22.2.0] AndroidManifest.xml:22:5-20
MERGED from [com.android.support:appcompat-v7:22.2.0] AndroidManifest.xml:22:5-20
MERGED from [com.android.support:support-v4:22.2.0] AndroidManifest.xml:22:5-20
	android:label
		ADDED from src/main/AndroidManifest.xml:17:9-41
	android:allowBackup
		ADDED from src/main/AndroidManifest.xml:15:9-35
	android:icon
		ADDED from src/main/AndroidManifest.xml:16:9-45
	android:theme
		ADDED from src/main/AndroidManifest.xml:18:9-40
	android:name
		ADDED from src/main/AndroidManifest.xml:19:9-63
activity#net.mtjo.app.ui.start.SplashActivity
ADDED from src/main/AndroidManifest.xml:20:9-28:20
	android:label
		ADDED from src/main/AndroidManifest.xml:22:13-45
	android:name
		ADDED from src/main/AndroidManifest.xml:21:13-64
intent-filter#android.intent.action.MAIN+android.intent.category.LAUNCHER
ADDED from src/main/AndroidManifest.xml:23:13-27:29
action#android.intent.action.MAIN
ADDED from src/main/AndroidManifest.xml:24:17-69
	android:name
		ADDED from src/main/AndroidManifest.xml:24:25-66
category#android.intent.category.LAUNCHER
ADDED from src/main/AndroidManifest.xml:26:17-77
	android:name
		ADDED from src/main/AndroidManifest.xml:26:27-74
activity#net.mtjo.app.ui.base.WebViewActivity
ADDED from src/main/AndroidManifest.xml:30:9-33:46
	android:screenOrientation
		ADDED from src/main/AndroidManifest.xml:32:13-49
	android:launchMode
		ADDED from src/main/AndroidManifest.xml:33:13-44
	android:name
		ADDED from src/main/AndroidManifest.xml:31:13-64
activity#net.mtjo.app.ui.start.RegistActivity
ADDED from src/main/AndroidManifest.xml:35:9-37:51
	android:screenOrientation
		ADDED from src/main/AndroidManifest.xml:37:13-49
	android:name
		ADDED from src/main/AndroidManifest.xml:36:13-64
activity#net.mtjo.app.ui.start.GuideActivity
ADDED from src/main/AndroidManifest.xml:38:9-41:46
	android:screenOrientation
		ADDED from src/main/AndroidManifest.xml:40:13-49
	android:launchMode
		ADDED from src/main/AndroidManifest.xml:41:13-44
	android:name
		ADDED from src/main/AndroidManifest.xml:39:13-63
activity#net.mtjo.app.ui.start.MainActivity
ADDED from src/main/AndroidManifest.xml:43:9-45:51
	android:screenOrientation
		ADDED from src/main/AndroidManifest.xml:45:13-49
	android:name
		ADDED from src/main/AndroidManifest.xml:44:13-62
activity#net.mtjo.app.ui.find.FindLawDetailActivity
ADDED from src/main/AndroidManifest.xml:48:9-51:46
	android:screenOrientation
		ADDED from src/main/AndroidManifest.xml:50:13-49
	android:launchMode
		ADDED from src/main/AndroidManifest.xml:51:13-44
	android:name
		ADDED from src/main/AndroidManifest.xml:49:13-70
activity#net.mtjo.app.ui.find.FindLawDetailActivity2
ADDED from src/main/AndroidManifest.xml:52:9-55:46
	android:screenOrientation
		ADDED from src/main/AndroidManifest.xml:54:13-49
	android:launchMode
		ADDED from src/main/AndroidManifest.xml:55:13-44
	android:name
		ADDED from src/main/AndroidManifest.xml:53:13-71
activity#net.mtjo.app.ui.ask.AskLawyerActivity
ADDED from src/main/AndroidManifest.xml:58:9-61:46
	android:screenOrientation
		ADDED from src/main/AndroidManifest.xml:60:13-49
	android:launchMode
		ADDED from src/main/AndroidManifest.xml:61:13-44
	android:name
		ADDED from src/main/AndroidManifest.xml:59:13-65
activity#net.mtjo.app.ui.ask.AskLawyerListActivity
ADDED from src/main/AndroidManifest.xml:62:9-65:46
	android:screenOrientation
		ADDED from src/main/AndroidManifest.xml:64:13-49
	android:launchMode
		ADDED from src/main/AndroidManifest.xml:65:13-44
	android:name
		ADDED from src/main/AndroidManifest.xml:63:13-69
activity#net.mtjo.app.ui.ask.AskLawyerDetailActivity
ADDED from src/main/AndroidManifest.xml:66:9-69:46
	android:screenOrientation
		ADDED from src/main/AndroidManifest.xml:68:13-49
	android:launchMode
		ADDED from src/main/AndroidManifest.xml:69:13-44
	android:name
		ADDED from src/main/AndroidManifest.xml:67:13-71
activity#net.mtjo.app.ui.ask.AskLawyerDetailChatActivity
ADDED from src/main/AndroidManifest.xml:70:9-72:51
	android:screenOrientation
		ADDED from src/main/AndroidManifest.xml:72:13-49
	android:name
		ADDED from src/main/AndroidManifest.xml:71:13-75
activity#net.mtjo.app.ui.msg.MessageListActivity
ADDED from src/main/AndroidManifest.xml:75:9-78:46
	android:screenOrientation
		ADDED from src/main/AndroidManifest.xml:77:13-49
	android:launchMode
		ADDED from src/main/AndroidManifest.xml:78:13-44
	android:name
		ADDED from src/main/AndroidManifest.xml:76:13-67
activity#net.mtjo.app.ui.my.AboutLSCNActivity
ADDED from src/main/AndroidManifest.xml:81:9-84:46
	android:screenOrientation
		ADDED from src/main/AndroidManifest.xml:83:13-49
	android:launchMode
		ADDED from src/main/AndroidManifest.xml:84:13-44
	android:name
		ADDED from src/main/AndroidManifest.xml:82:13-64
activity#net.mtjo.app.ui.my.FeedBackActivity
ADDED from src/main/AndroidManifest.xml:85:9-88:46
	android:screenOrientation
		ADDED from src/main/AndroidManifest.xml:87:13-49
	android:launchMode
		ADDED from src/main/AndroidManifest.xml:88:13-44
	android:name
		ADDED from src/main/AndroidManifest.xml:86:13-63
activity#net.mtjo.app.ui.my.SetAndHelpActivity
ADDED from src/main/AndroidManifest.xml:89:9-92:46
	android:screenOrientation
		ADDED from src/main/AndroidManifest.xml:91:13-49
	android:launchMode
		ADDED from src/main/AndroidManifest.xml:92:13-44
	android:name
		ADDED from src/main/AndroidManifest.xml:90:13-65
service#net.mtjo.app.service.VersionService
ADDED from src/main/AndroidManifest.xml:93:9-94:37
	android:label
		ADDED from src/main/AndroidManifest.xml:94:15-35
	android:name
		ADDED from src/main/AndroidManifest.xml:93:18-68
receiver#net.mtjo.app.receiver.SmsReciver
ADDED from src/main/AndroidManifest.xml:96:9-100:19
	android:name
		ADDED from src/main/AndroidManifest.xml:96:19-66
intent-filter#android.provider.Telephony.SMS_RECEIVED
ADDED from src/main/AndroidManifest.xml:97:12-99:28
	android:priority
		ADDED from src/main/AndroidManifest.xml:97:27-49
action#android.provider.Telephony.SMS_RECEIVED
ADDED from src/main/AndroidManifest.xml:98:16-81
	android:name
		ADDED from src/main/AndroidManifest.xml:98:24-78
activity#com.umeng.socialize.view.ShareActivity
ADDED from src/main/AndroidManifest.xml:104:9-111:20
MERGED from [mtjo.net:ComponetLibrary:unspecified] AndroidManifest.xml:50:9-57:20
	android:launchMode
		ADDED from src/main/AndroidManifest.xml:107:13-44
	android:noHistory
		ADDED from src/main/AndroidManifest.xml:108:13-37
	android:windowSoftInputMode
		ADDED from src/main/AndroidManifest.xml:110:13-68
	android:configChanges
		ADDED from src/main/AndroidManifest.xml:106:13-57
	android:theme
		ADDED from src/main/AndroidManifest.xml:109:13-50
	android:name
		ADDED from src/main/AndroidManifest.xml:105:13-66
activity#com.tencent.tauth.AuthActivity
ADDED from src/main/AndroidManifest.xml:113:9-125:20
MERGED from [mtjo.net:ComponetLibrary:unspecified] AndroidManifest.xml:60:9-72:20
	android:launchMode
		ADDED from src/main/AndroidManifest.xml:115:13-44
	android:noHistory
		ADDED from src/main/AndroidManifest.xml:116:13-37
	android:name
		ADDED from src/main/AndroidManifest.xml:114:13-58
intent-filter#android.intent.action.VIEW+android.intent.category.BROWSABLE+android.intent.category.DEFAULT
ADDED from src/main/AndroidManifest.xml:117:13-124:29
action#android.intent.action.VIEW
ADDED from src/main/AndroidManifest.xml:118:17-69
	android:name
		ADDED from src/main/AndroidManifest.xml:118:25-66
category#android.intent.category.DEFAULT
ADDED from src/main/AndroidManifest.xml:120:17-76
	android:name
		ADDED from src/main/AndroidManifest.xml:120:27-73
category#android.intent.category.BROWSABLE
ADDED from src/main/AndroidManifest.xml:121:17-78
	android:name
		ADDED from src/main/AndroidManifest.xml:121:27-75
data
ADDED from src/main/AndroidManifest.xml:123:17-59
	android:scheme
		ADDED from src/main/AndroidManifest.xml:123:23-56
activity#com.tencent.connect.common.AssistActivity
ADDED from src/main/AndroidManifest.xml:126:9-129:20
MERGED from [mtjo.net:ComponetLibrary:unspecified] AndroidManifest.xml:73:9-77:20
	android:screenOrientation
		ADDED from src/main/AndroidManifest.xml:128:13-49
	android:theme
		ADDED from src/main/AndroidManifest.xml:127:13-72
	android:name
		ADDED from src/main/AndroidManifest.xml:126:19-75
activity#net.mtjo.app.wxapi.WXEntryActivity
ADDED from src/main/AndroidManifest.xml:131:9-136:46
	android:screenOrientation
		ADDED from src/main/AndroidManifest.xml:136:7-43
	android:exported
		ADDED from src/main/AndroidManifest.xml:135:7-30
	android:configChanges
		ADDED from src/main/AndroidManifest.xml:134:7-68
	android:theme
		ADDED from src/main/AndroidManifest.xml:133:7-66
	android:name
		ADDED from src/main/AndroidManifest.xml:132:7-44
meta-data#UMENG_APPKEY
ADDED from src/main/AndroidManifest.xml:137:10-141:21
MERGED from [mtjo.net:ComponetLibrary:unspecified] AndroidManifest.xml:86:9-89:21
	android:value
		ADDED from src/main/AndroidManifest.xml:139:13-53
		REJECTED from [mtjo.net:ComponetLibrary:unspecified] AndroidManifest.xml:88:13-53
	tools:replace
		ADDED from src/main/AndroidManifest.xml:140:13-42
	android:name
		ADDED from src/main/AndroidManifest.xml:138:13-40
meta-data#UMENG_CHANNEL
ADDED from src/main/AndroidManifest.xml:142:9-146:21
MERGED from [mtjo.net:ComponetLibrary:unspecified] AndroidManifest.xml:90:9-92:42
	android:value
		ADDED from src/main/AndroidManifest.xml:145:13-34
		REJECTED from [mtjo.net:ComponetLibrary:unspecified] AndroidManifest.xml:92:13-39
	tools:replace
		ADDED from src/main/AndroidManifest.xml:144:13-42
	android:name
		ADDED from src/main/AndroidManifest.xml:143:13-41
receiver#com.tencent.android.tpush.XGPushReceiver
ADDED from src/main/AndroidManifest.xml:150:6-175:17
	android:process
		ADDED from src/main/AndroidManifest.xml:152:10-42
	android:name
		ADDED from src/main/AndroidManifest.xml:151:10-65
intent-filter#android.bluetooth.adapter.action.STATE_CHANGED+android.intent.action.ACTION_POWER_CONNECTED+android.intent.action.ACTION_POWER_DISCONNECTED+android.intent.action.BOOT_COMPLETED+android.intent.action.USER_PRESENT+android.net.conn.CONNECTIVITY_CHANGE+com.tencent.android.tpush.action.INTERNAL_PUSH_MESSAGE+com.tencent.android.tpush.action.SDK
ADDED from src/main/AndroidManifest.xml:153:10-166:26
	android:priority
		ADDED from src/main/AndroidManifest.xml:153:25-54
action#com.tencent.android.tpush.action.SDK
ADDED from src/main/AndroidManifest.xml:155:14-76
	android:name
		ADDED from src/main/AndroidManifest.xml:155:22-73
action#com.tencent.android.tpush.action.INTERNAL_PUSH_MESSAGE
ADDED from src/main/AndroidManifest.xml:156:14-94
	android:name
		ADDED from src/main/AndroidManifest.xml:156:22-91
action#android.intent.action.USER_PRESENT
ADDED from src/main/AndroidManifest.xml:158:14-74
	android:name
		ADDED from src/main/AndroidManifest.xml:158:22-71
action#android.net.conn.CONNECTIVITY_CHANGE
ADDED from src/main/AndroidManifest.xml:159:14-76
	android:name
		ADDED from src/main/AndroidManifest.xml:159:22-73
action#android.intent.action.BOOT_COMPLETED
ADDED from src/main/AndroidManifest.xml:162:14-76
	android:name
		ADDED from src/main/AndroidManifest.xml:162:22-73
action#android.bluetooth.adapter.action.STATE_CHANGED
ADDED from src/main/AndroidManifest.xml:163:14-86
	android:name
		ADDED from src/main/AndroidManifest.xml:163:22-83
action#android.intent.action.ACTION_POWER_CONNECTED
ADDED from src/main/AndroidManifest.xml:164:14-84
	android:name
		ADDED from src/main/AndroidManifest.xml:164:22-81
action#android.intent.action.ACTION_POWER_DISCONNECTED
ADDED from src/main/AndroidManifest.xml:165:14-87
	android:name
		ADDED from src/main/AndroidManifest.xml:165:22-84
intent-filter#android.intent.action.MEDIA_CHECKING+android.intent.action.MEDIA_EJECT+android.intent.action.MEDIA_REMOVED+android.intent.action.MEDIA_UNMOUNTED
ADDED from src/main/AndroidManifest.xml:168:10-174:26
	android:priority
		ADDED from src/main/AndroidManifest.xml:168:25-54
action#android.intent.action.MEDIA_UNMOUNTED
ADDED from src/main/AndroidManifest.xml:169:14-77
	android:name
		ADDED from src/main/AndroidManifest.xml:169:22-74
action#android.intent.action.MEDIA_REMOVED
ADDED from src/main/AndroidManifest.xml:170:14-75
	android:name
		ADDED from src/main/AndroidManifest.xml:170:22-72
action#android.intent.action.MEDIA_CHECKING
ADDED from src/main/AndroidManifest.xml:171:14-76
	android:name
		ADDED from src/main/AndroidManifest.xml:171:22-73
action#android.intent.action.MEDIA_EJECT
ADDED from src/main/AndroidManifest.xml:172:14-73
	android:name
		ADDED from src/main/AndroidManifest.xml:172:22-70
activity#com.tencent.android.tpush.XGPushActivity
ADDED from src/main/AndroidManifest.xml:179:6-183:17
	android:exported
		ADDED from src/main/AndroidManifest.xml:182:11-34
	android:theme
		ADDED from src/main/AndroidManifest.xml:181:11-59
	android:name
		ADDED from src/main/AndroidManifest.xml:180:11-66
service#com.tencent.android.tpush.service.XGDaemonService
ADDED from src/main/AndroidManifest.xml:185:6-188:40
	android:process
		ADDED from src/main/AndroidManifest.xml:188:4-37
	android:exported
		ADDED from src/main/AndroidManifest.xml:187:4-28
	android:name
		ADDED from src/main/AndroidManifest.xml:186:4-68
receiver#net.mtjo.app.receiver.MessageReceiver
ADDED from src/main/AndroidManifest.xml:190:6-197:20
	android:name
		ADDED from src/main/AndroidManifest.xml:190:16-68
intent-filter#com.tencent.android.tpush.action.FEEDBACK+com.tencent.android.tpush.action.PUSH_MESSAGE
ADDED from src/main/AndroidManifest.xml:191:13-196:29
action#com.tencent.android.tpush.action.PUSH_MESSAGE
ADDED from src/main/AndroidManifest.xml:193:17-88
	android:name
		ADDED from src/main/AndroidManifest.xml:193:25-85
action#com.tencent.android.tpush.action.FEEDBACK
ADDED from src/main/AndroidManifest.xml:195:17-84
	android:name
		ADDED from src/main/AndroidManifest.xml:195:25-81
service#com.tencent.android.tpush.service.XGPushService
ADDED from src/main/AndroidManifest.xml:199:6-203:45
	android:process
		ADDED from src/main/AndroidManifest.xml:203:10-42
	android:exported
		ADDED from src/main/AndroidManifest.xml:201:10-33
	android:persistent
		ADDED from src/main/AndroidManifest.xml:202:10-35
	android:name
		ADDED from src/main/AndroidManifest.xml:200:10-72
service#com.tencent.android.tpush.rpc.XGRemoteService
ADDED from src/main/AndroidManifest.xml:206:6-212:16
	android:exported
		ADDED from src/main/AndroidManifest.xml:208:10-33
	android:name
		ADDED from src/main/AndroidManifest.xml:207:10-70
intent-filter#com.wanyou.lscn.PUSH_ACTION
ADDED from src/main/AndroidManifest.xml:209:10-211:26
action#com.wanyou.lscn.PUSH_ACTION
ADDED from src/main/AndroidManifest.xml:210:14-67
	android:name
		ADDED from src/main/AndroidManifest.xml:210:22-64
meta-data#XG_V2_ACCESS_ID
ADDED from src/main/AndroidManifest.xml:215:6-217:39
	android:value
		ADDED from src/main/AndroidManifest.xml:217:10-36
	android:name
		ADDED from src/main/AndroidManifest.xml:216:10-40
meta-data#XG_V2_ACCESS_KEY
ADDED from src/main/AndroidManifest.xml:219:6-221:41
	android:value
		ADDED from src/main/AndroidManifest.xml:221:10-38
	android:name
		ADDED from src/main/AndroidManifest.xml:220:10-41
uses-permission#android.permission.ACCESS_NETWORK_STATE
ADDED from src/main/AndroidManifest.xml:225:5-78
MERGED from [mtjo.net:ComponetLibrary:unspecified] AndroidManifest.xml:12:5-79
MERGED from [mtjo.net:ComponetLibrary:unspecified] AndroidManifest.xml:24:5-79
	android:name
		ADDED from src/main/AndroidManifest.xml:225:22-76
uses-permission#android.permission.ACCESS_WIFI_STATE
ADDED from src/main/AndroidManifest.xml:227:5-76
MERGED from [mtjo.net:ComponetLibrary:unspecified] AndroidManifest.xml:14:5-76
MERGED from [mtjo.net:ComponetLibrary:unspecified] AndroidManifest.xml:25:5-76
	android:name
		ADDED from src/main/AndroidManifest.xml:227:22-73
uses-permission#android.permission.READ_PHONE_STATE
ADDED from src/main/AndroidManifest.xml:229:5-75
MERGED from [mtjo.net:ComponetLibrary:unspecified] AndroidManifest.xml:16:5-75
MERGED from [mtjo.net:ComponetLibrary:unspecified] AndroidManifest.xml:27:5-75
	android:name
		ADDED from src/main/AndroidManifest.xml:229:22-72
uses-permission#android.permission.WRITE_EXTERNAL_STORAGE
ADDED from src/main/AndroidManifest.xml:231:5-81
MERGED from [mtjo.net:ComponetLibrary:unspecified] AndroidManifest.xml:18:5-81
	android:name
		ADDED from src/main/AndroidManifest.xml:231:22-78
uses-permission#android.permission.INTERNET
ADDED from src/main/AndroidManifest.xml:233:5-67
MERGED from [mtjo.net:ComponetLibrary:unspecified] AndroidManifest.xml:20:5-67
MERGED from [mtjo.net:ComponetLibrary:unspecified] AndroidManifest.xml:26:5-67
	android:name
		ADDED from src/main/AndroidManifest.xml:233:22-64
uses-permission#android.permission.CALL_PHONE
ADDED from src/main/AndroidManifest.xml:235:5-85
	android:name
		ADDED from src/main/AndroidManifest.xml:235:22-66
uses-permission#android.permission.ACCESS_COARSE_LOCATION
ADDED from src/main/AndroidManifest.xml:237:2-94
	android:name
		ADDED from src/main/AndroidManifest.xml:237:19-75
uses-permission#android.permission.PERMISSION_NAME
ADDED from src/main/AndroidManifest.xml:238:2-87
	android:name
		ADDED from src/main/AndroidManifest.xml:238:19-68
uses-permission#android.permission.ACCESS_FINE_LOCATION
ADDED from src/main/AndroidManifest.xml:239:2-76
	android:name
		ADDED from src/main/AndroidManifest.xml:239:19-73
uses-permission#android.permission.RECEIVE_BOOT_COMPLETED
ADDED from src/main/AndroidManifest.xml:241:2-78
	android:name
		ADDED from src/main/AndroidManifest.xml:241:19-75
uses-permission#android.permission.RESTART_PACKAGES
ADDED from src/main/AndroidManifest.xml:242:2-72
	android:name
		ADDED from src/main/AndroidManifest.xml:242:19-69
uses-permission#android.permission.BROADCAST_STICKY
ADDED from src/main/AndroidManifest.xml:243:2-72
	android:name
		ADDED from src/main/AndroidManifest.xml:243:19-69
uses-permission#android.permission.WRITE_SETTINGS
ADDED from src/main/AndroidManifest.xml:244:2-70
	android:name
		ADDED from src/main/AndroidManifest.xml:244:19-67
uses-permission#android.permission.RECEIVE_USER_PRESENT
ADDED from src/main/AndroidManifest.xml:245:2-76
	android:name
		ADDED from src/main/AndroidManifest.xml:245:19-73
uses-permission#android.permission.WAKE_LOCK
ADDED from src/main/AndroidManifest.xml:246:2-65
	android:name
		ADDED from src/main/AndroidManifest.xml:246:19-62
uses-permission#android.permission.KILL_BACKGROUND_PROCESSES
ADDED from src/main/AndroidManifest.xml:247:2-81
	android:name
		ADDED from src/main/AndroidManifest.xml:247:19-78
uses-permission#android.permission.GET_TASKS
ADDED from src/main/AndroidManifest.xml:248:2-65
	android:name
		ADDED from src/main/AndroidManifest.xml:248:19-62
uses-permission#android.permission.READ_LOGS
ADDED from src/main/AndroidManifest.xml:249:2-65
	android:name
		ADDED from src/main/AndroidManifest.xml:249:19-62
uses-permission#android.permission.VIBRATE
ADDED from src/main/AndroidManifest.xml:250:2-63
	android:name
		ADDED from src/main/AndroidManifest.xml:250:19-60
uses-permission#android.permission.BLUETOOTH
ADDED from src/main/AndroidManifest.xml:252:2-65
	android:name
		ADDED from src/main/AndroidManifest.xml:252:19-62
uses-permission#android.permission.BATTERY_STATS
ADDED from src/main/AndroidManifest.xml:253:2-69
	android:name
		ADDED from src/main/AndroidManifest.xml:253:19-66
uses-permission#android.permission.RECEIVE_SMS
ADDED from src/main/AndroidManifest.xml:256:2-67
	android:name
		ADDED from src/main/AndroidManifest.xml:256:19-64
uses-permission#android.permission.READ_SMS
ADDED from src/main/AndroidManifest.xml:257:2-64
	android:name
		ADDED from src/main/AndroidManifest.xml:257:19-61
activity#com.componet.wxapi.WXEntryActivity
ADDED from [mtjo.net:ComponetLibrary:unspecified] AndroidManifest.xml:78:9-83:75
	android:screenOrientation
		ADDED from [mtjo.net:ComponetLibrary:unspecified] AndroidManifest.xml:82:13-49
	android:exported
		ADDED from [mtjo.net:ComponetLibrary:unspecified] AndroidManifest.xml:81:13-36
	android:configChanges
		ADDED from [mtjo.net:ComponetLibrary:unspecified] AndroidManifest.xml:80:13-74
	android:theme
		ADDED from [mtjo.net:ComponetLibrary:unspecified] AndroidManifest.xml:83:13-72
	android:name
		ADDED from [mtjo.net:ComponetLibrary:unspecified] AndroidManifest.xml:79:13-62